{"name":"testLogin","status":"failed","statusDetails":{"known":false,"muted":false,"flaky":false,"message":"expected [nikita.yadchuk@yandex.ru] but found []","trace":"java.lang.AssertionError: expected [nikita.yadchuk@yandex.ru] but found []\r\n\tat org.testng.Assert.fail(Assert.java:96)\r\n\tat org.testng.Assert.failNotEquals(Assert.java:776)\r\n\tat org.testng.Assert.assertEqualsImpl(Assert.java:137)\r\n\tat org.testng.Assert.assertEquals(Assert.java:118)\r\n\tat org.testng.Assert.assertEquals(Assert.java:453)\r\n\tat org.testng.Assert.assertEquals(Assert.java:463)\r\n\tat beru.HomePage.checkVisibilityLogin(HomePage.java:31)\r\n\tat beru.BeruTestPage.testLogin(BeruTestPage.java:28)\r\n\tat java.base/jdk.internal.reflect.NativeMethodAccessorImpl.invoke0(Native Method)\r\n\tat java.base/jdk.internal.reflect.NativeMethodAccessorImpl.invoke(NativeMethodAccessorImpl.java:62)\r\n\tat java.base/jdk.internal.reflect.DelegatingMethodAccessorImpl.invoke(DelegatingMethodAccessorImpl.java:43)\r\n\tat java.base/java.lang.reflect.Method.invoke(Method.java:566)\r\n\tat org.testng.internal.MethodInvocationHelper.invokeMethod(MethodInvocationHelper.java:124)\r\n\tat org.testng.internal.Invoker.invokeMethod(Invoker.java:583)\r\n\tat org.testng.internal.Invoker.invokeTestMethod(Invoker.java:719)\r\n\tat org.testng.internal.Invoker.invokeTestMethods(Invoker.java:989)\r\n\tat org.testng.internal.TestMethodWorker.invokeTestMethods(TestMethodWorker.java:125)\r\n\tat org.testng.internal.TestMethodWorker.run(TestMethodWorker.java:109)\r\n\tat org.testng.TestRunner.privateRun(TestRunner.java:648)\r\n\tat org.testng.TestRunner.run(TestRunner.java:505)\r\n\tat org.testng.SuiteRunner.runTest(SuiteRunner.java:455)\r\n\tat org.testng.SuiteRunner.runSequentially(SuiteRunner.java:450)\r\n\tat org.testng.SuiteRunner.privateRun(SuiteRunner.java:415)\r\n\tat org.testng.SuiteRunner.run(SuiteRunner.java:364)\r\n\tat org.testng.SuiteRunnerWorker.runSuite(SuiteRunnerWorker.java:52)\r\n\tat org.testng.SuiteRunnerWorker.run(SuiteRunnerWorker.java:84)\r\n\tat org.testng.TestNG.runSuitesSequentially(TestNG.java:1208)\r\n\tat org.testng.TestNG.runSuitesLocally(TestNG.java:1137)\r\n\tat org.testng.TestNG.runSuites(TestNG.java:1049)\r\n\tat org.testng.TestNG.run(TestNG.java:1017)\r\n\tat org.testng.IDEARemoteTestNG.run(IDEARemoteTestNG.java:73)\r\n\tat org.testng.RemoteTestNGStarter.main(RemoteTestNGStarter.java:123)\r\n"},"stage":"finished","steps":[{"name":"Click loginButton on HomePage","status":"passed","stage":"finished","steps":[],"attachments":[{"name":"Page screenshot","source":"618a63f2-9fab-442f-baad-5e05726a8045-attachment","type":"image/png"}],"parameters":[],"start":1557266987491,"stop":1557266993214},{"name":"Enter login","status":"passed","stage":"finished","steps":[],"attachments":[{"name":"Page screenshot","source":"1431728e-6386-4c1f-a046-612fd7115e6d-attachment","type":"image/png"}],"parameters":[],"start":1557266993220,"stop":1557266994031},{"name":"Click login","status":"passed","stage":"finished","steps":[],"attachments":[{"name":"Page screenshot","source":"7dc25fa2-bd74-4288-9cd1-5caa3e995627-attachment","type":"image/png"}],"parameters":[],"start":1557266994032,"stop":1557266994460},{"name":"Enter password","status":"passed","stage":"finished","steps":[],"attachments":[{"name":"Page screenshot","source":"9c7e09d6-b017-403b-a1d7-95fbec88ce75-attachment","type":"image/png"}],"parameters":[],"start":1557266994461,"stop":1557266995665},{"name":"Click login","status":"passed","stage":"finished","steps":[],"attachments":[{"name":"Page screenshot","source":"44a0136c-e263-4dcb-b1da-4a48847e7034-attachment","type":"image/png"}],"parameters":[],"start":1557266995665,"stop":1557266996097},{"name":"Check visibility of login","status":"failed","statusDetails":{"known":false,"muted":false,"flaky":false,"message":"expected [nikita.yadchuk@yandex.ru] but found []","trace":"java.lang.AssertionError: expected [nikita.yadchuk@yandex.ru] but found []\r\n\tat org.testng.Assert.fail(Assert.java:96)\r\n\tat org.testng.Assert.failNotEquals(Assert.java:776)\r\n\tat org.testng.Assert.assertEqualsImpl(Assert.java:137)\r\n\tat org.testng.Assert.assertEquals(Assert.java:118)\r\n\tat org.testng.Assert.assertEquals(Assert.java:453)\r\n\tat org.testng.Assert.assertEquals(Assert.java:463)\r\n\tat beru.HomePage.checkVisibilityLogin(HomePage.java:31)\r\n\tat beru.BeruTestPage.testLogin(BeruTestPage.java:28)\r\n\tat java.base/jdk.internal.reflect.NativeMethodAccessorImpl.invoke0(Native Method)\r\n\tat java.base/jdk.internal.reflect.NativeMethodAccessorImpl.invoke(NativeMethodAccessorImpl.java:62)\r\n\tat java.base/jdk.internal.reflect.DelegatingMethodAccessorImpl.invoke(DelegatingMethodAccessorImpl.java:43)\r\n\tat java.base/java.lang.reflect.Method.invoke(Method.java:566)\r\n\tat org.testng.internal.MethodInvocationHelper.invokeMethod(MethodInvocationHelper.java:124)\r\n\tat org.testng.internal.Invoker.invokeMethod(Invoker.java:583)\r\n\tat org.testng.internal.Invoker.invokeTestMethod(Invoker.java:719)\r\n\tat org.testng.internal.Invoker.invokeTestMethods(Invoker.java:989)\r\n\tat org.testng.internal.TestMethodWorker.invokeTestMethods(TestMethodWorker.java:125)\r\n\tat org.testng.internal.TestMethodWorker.run(TestMethodWorker.java:109)\r\n\tat org.testng.TestRunner.privateRun(TestRunner.java:648)\r\n\tat org.testng.TestRunner.run(TestRunner.java:505)\r\n\tat org.testng.SuiteRunner.runTest(SuiteRunner.java:455)\r\n\tat org.testng.SuiteRunner.runSequentially(SuiteRunner.java:450)\r\n\tat org.testng.SuiteRunner.privateRun(SuiteRunner.java:415)\r\n\tat org.testng.SuiteRunner.run(SuiteRunner.java:364)\r\n\tat org.testng.SuiteRunnerWorker.runSuite(SuiteRunnerWorker.java:52)\r\n\tat org.testng.SuiteRunnerWorker.run(SuiteRunnerWorker.java:84)\r\n\tat org.testng.TestNG.runSuitesSequentially(TestNG.java:1208)\r\n\tat org.testng.TestNG.runSuitesLocally(TestNG.java:1137)\r\n\tat org.testng.TestNG.runSuites(TestNG.java:1049)\r\n\tat org.testng.TestNG.run(TestNG.java:1017)\r\n\tat org.testng.IDEARemoteTestNG.run(IDEARemoteTestNG.java:73)\r\n\tat org.testng.RemoteTestNGStarter.main(RemoteTestNGStarter.java:123)\r\n"},"stage":"finished","steps":[],"attachments":[],"parameters":[],"start":1557266996098,"stop":1557267004070}],"attachments":[{"name":"Page screenshot","source":"cdcacb74-9765-44d9-91cc-c2f01ea2b2f1-attachment","type":"image/png"}],"parameters":[],"start":1557266987285,"stop":1557267004567,"uuid":"131f2a6a-7e6c-45a9-97f2-c44420e52c7e","historyId":"7eca62d32e0a6422d3b4012b3b72b48e","fullName":"beru.BeruTestPage.testLogin","labels":[{"name":"package","value":"beru.BeruTestPage"},{"name":"testClass","value":"beru.BeruTestPage"},{"name":"testMethod","value":"testLogin"},{"name":"parentSuite","value":"Default Suite"},{"name":"suite","value":"beru_testing"},{"name":"subSuite","value":"beru.BeruTestPage"},{"name":"host","value":"Supremebook"},{"name":"thread","value":"2308@Supremebook.main(1)"},{"name":"framework","value":"testng"},{"name":"language","value":"java"}],"links":[]}